-------------------------------------------------------------------------------
Test set: com.zhigushuo.learn1.Learn1ApplicationTests
-------------------------------------------------------------------------------
Tests run: 1, Failures: 0, Errors: 1, Skipped: 0, Time elapsed: 0.421 s <<< FAILURE! - in com.zhigushuo.learn1.Learn1ApplicationTests
initializationError(com.zhigushuo.learn1.Learn1ApplicationTests)  Time elapsed: 0.005 s  <<< ERROR!
java.lang.IllegalStateException: Unable to find a @SpringBootConfiguration, you need to use @ContextConfiguration or @SpringBootTest(classes=...) with your test

