<?xml version="1.0" encoding="UTF-8"?>
<testsuite xmlns:xsi="http://www.w3.org/2001/XMLSchema-instance" xsi:noNamespaceSchemaLocation="https://maven.apache.org/surefire/maven-surefire-plugin/xsd/surefire-test-report.xsd" name="com.zhigushuo.learn1.Learn1ApplicationTests" time="0.421" tests="1" errors="1" skipped="0" failures="0">
  <properties>
[...]
</properties>
  <testcase name="initializationError" classname="com.zhigushuo.learn1.Learn1ApplicationTests" time="0.005">
    <error message="Unable to find a @SpringBootConfiguration, you need to use @ContextConfiguration or @SpringBootTest(classes=...) with your test" type="java.lang.IllegalStateException">java.lang.IllegalStateException: Unable to find a @SpringBootConfiguration, you need to use @ContextConfiguration or @SpringBootTest(classes=...) with your test
</error>
    <system-out><![CDATA[15:52:09.179 [main] DEBUG org.springframework.test.context.junit4.SpringJUnit4ClassRunner - SpringJUnit4ClassRunner constructor called with [class com.zhigushuo.learn1.Learn1ApplicationTests]
15:52:09.189 [main] DEBUG org.springframework.test.context.BootstrapUtils - Instantiating CacheAwareContextLoaderDelegate from class [org.springframework.test.context.cache.DefaultCacheAwareContextLoaderDelegate]
15:52:09.200 [main] DEBUG org.springframework.test.context.BootstrapUtils - Instantiating BootstrapContext using constructor [public org.springframework.test.context.support.DefaultBootstrapContext(java.lang.Class,org.springframework.test.context.CacheAwareContextLoaderDelegate)]
15:52:09.221 [main] DEBUG org.springframework.test.context.BootstrapUtils - Instantiating TestContextBootstrapper for test class [com.zhigushuo.learn1.Learn1ApplicationTests] from class [org.springframework.boot.test.context.SpringBootTestContextBootstrapper]
15:52:09.236 [main] INFO org.springframework.boot.test.context.SpringBootTestContextBootstrapper - Neither @ContextConfiguration nor @ContextHierarchy found for test class [com.zhigushuo.learn1.Learn1ApplicationTests], using SpringBootContextLoader
15:52:09.240 [main] DEBUG org.springframework.test.context.support.AbstractContextLoader - Did not detect default resource location for test class [com.zhigushuo.learn1.Learn1ApplicationTests]: class path resource [com/zhigushuo/learn1/Learn1ApplicationTests-context.xml] does not exist
15:52:09.240 [main] DEBUG org.springframework.test.context.support.AbstractContextLoader - Did not detect default resource location for test class [com.zhigushuo.learn1.Learn1ApplicationTests]: class path resource [com/zhigushuo/learn1/Learn1ApplicationTestsContext.groovy] does not exist
15:52:09.240 [main] INFO org.springframework.test.context.support.AbstractContextLoader - Could not detect default resource locations for test class [com.zhigushuo.learn1.Learn1ApplicationTests]: no resource found for suffixes {-context.xml, Context.groovy}.
15:52:09.241 [main] INFO org.springframework.test.context.support.AnnotationConfigContextLoaderUtils - Could not detect default configuration classes for test class [com.zhigushuo.learn1.Learn1ApplicationTests]: Learn1ApplicationTests does not declare any static, non-private, non-final, nested classes annotated with @Configuration.
15:52:09.289 [main] DEBUG org.springframework.test.context.support.ActiveProfilesUtils - Could not find an 'annotation declaring class' for annotation type [org.springframework.test.context.ActiveProfiles] and class [com.zhigushuo.learn1.Learn1ApplicationTests]
]]></system-out>
  </testcase>
</testsuite>